<<<<<<< HEAD
[2026-04-06 14:02:08] Opening desktop app window in C:\Program Files (x86)\Microsoft\Edge\Application\msedge.exe
=======
[2026-04-06 13:44:24] Server not running on port 8000, starting background host with C:\Users\reedc\AppData\Local\Python\bin\python.exe.
[2026-04-06 13:44:25] Opening desktop app window in C:\Program Files (x86)\Microsoft\Edge\Application\msedge.exe
[2026-04-06 13:44:52] Opening desktop app window in C:\Program Files (x86)\Microsoft\Edge\Application\msedge.exe
<<<<<<< HEAD
[2026-04-06 14:03:25] Opening desktop app window in C:\Program Files (x86)\Microsoft\Edge\Application\msedge.exe
=======
>>>>>>> 63d731a9eeef6cb3e4fa2aeb3e9cbe24d8de034d
[2026-04-06 22:51:03] Opening desktop app window in C:\Program Files (x86)\Microsoft\Edge\Application\msedge.exe
[2026-04-06 23:04:03] Opening desktop app window in C:\Program Files (x86)\Microsoft\Edge\Application\msedge.exe
[2026-04-06 23:04:19] Opening desktop app window in C:\Program Files (x86)\Microsoft\Edge\Application\msedge.exe
[2026-04-07 09:16:25] Opening desktop app window in C:\Program Files (x86)\Microsoft\Edge\Application\msedge.exe
[2026-04-07 09:18:39] Opening desktop app window in C:\Program Files (x86)\Microsoft\Edge\Application\msedge.exe
[2026-04-07 09:26:35] Opening desktop app window in C:\Program Files (x86)\Microsoft\Edge\Application\msedge.exe
[2026-04-07 09:30:28] Opening desktop app window in C:\Program Files (x86)\Microsoft\Edge\Application\msedge.exe
[2026-04-07 09:32:08] Opening desktop app window in C:\Program Files (x86)\Microsoft\Edge\Application\msedge.exe
[2026-04-07 09:40:47] Opening desktop app window in C:\Program Files (x86)\Microsoft\Edge\Application\msedge.exe
[2026-04-07 09:48:07] Opening desktop app window in C:\Program Files (x86)\Microsoft\Edge\Application\msedge.exe
[2026-04-07 09:51:27] Opening desktop app window in C:\Program Files (x86)\Microsoft\Edge\Application\msedge.exe
[2026-04-07 09:53:54] Opening desktop app window in C:\Program Files (x86)\Microsoft\Edge\Application\msedge.exe
[2026-04-07 10:26:22] Opening desktop app window in C:\Program Files (x86)\Microsoft\Edge\Application\msedge.exe
[2026-04-07 10:39:27] Opening desktop app window in C:\Program Files (x86)\Microsoft\Edge\Application\msedge.exe
[2026-04-07 10:46:36] Port 8000 is serving an older app host. Switching desktop launch to port 8011.
[2026-04-07 10:46:39] Server not running on port 8011, starting background host with C:\Users\Sam\AppData\Local\Python\bin\python.exe.
[2026-04-07 15:35:38] Could not stop the stale server on port 8000: Port 8000 is already in use by another process and the launcher will not stop it automatically.
[2026-04-07 15:35:40] Port 8000 is serving an older app host. Switching desktop launch to port 8011.
[2026-04-07 15:35:43] Server not running on port 8011, starting background host with C:\Users\Sam\AppData\Local\Python\bin\python.exe.
[2026-04-07 15:35:44] Opening desktop app window in C:\Program Files (x86)\Microsoft\Edge\Application\msedge.exe
[2026-04-07 15:36:06] Could not stop the stale server on port 8000: Port 8000 is already in use by another process and the launcher will not stop it automatically.
[2026-04-07 15:36:06] Port 8000 is serving an older app host. Switching desktop launch to port 8011.
[2026-04-07 15:36:06] Opening desktop app window in C:\Program Files (x86)\Microsoft\Edge\Application\msedge.exe
[2026-04-07 15:36:31] Could not stop the stale server on port 8000: Port 8000 is already in use by another process and the launcher will not stop it automatically.
[2026-04-07 15:36:31] Port 8000 is serving an older app host. Switching desktop launch to port 8011.
[2026-04-07 15:36:31] Opening desktop app window in C:\Program Files (x86)\Microsoft\Edge\Application\msedge.exe
[2026-04-07 15:36:43] Could not stop the stale server on port 8000: Port 8000 is already in use by another process and the launcher will not stop it automatically.
[2026-04-07 15:36:43] Port 8000 is serving an older app host. Switching desktop launch to port 8011.
[2026-04-07 15:36:43] Opening desktop app window in C:\Program Files (x86)\Microsoft\Edge\Application\msedge.exe
[2026-04-07 15:38:27] Could not stop the stale server on port 8000: Port 8000 is already in use by another process and the launcher will not stop it automatically.
[2026-04-07 15:38:28] Port 8000 is serving an older app host. Switching desktop launch to port 8011.
[2026-04-07 15:38:28] Opening desktop app window in C:\Program Files (x86)\Microsoft\Edge\Application\msedge.exe
[2026-04-07 15:38:42] Could not stop the stale server on port 8000: Port 8000 is already in use by another process and the launcher will not stop it automatically.
[2026-04-07 15:38:42] Port 8000 is serving an older app host. Switching desktop launch to port 8011.
[2026-04-07 15:38:42] Opening desktop app window in C:\Program Files (x86)\Microsoft\Edge\Application\msedge.exe
[2026-04-07 15:38:50] Could not stop the stale server on port 8000: Port 8000 is already in use by another process and the launcher will not stop it automatically.
[2026-04-07 15:38:50] Port 8000 is serving an older app host. Switching desktop launch to port 8011.
[2026-04-07 15:38:50] Opening desktop app window in C:\Program Files (x86)\Microsoft\Edge\Application\msedge.exe
[2026-04-07 15:44:46] Could not stop the stale server on port 8000: Port 8000 is already in use by another process and the launcher will not stop it automatically.
[2026-04-07 15:44:46] Port 8000 is serving an older app host. Switching desktop launch to port 8011.
[2026-04-07 15:44:46] Opening desktop app window in C:\Program Files (x86)\Microsoft\Edge\Application\msedge.exe
[2026-04-07 15:45:00] Could not stop the stale server on port 8000: Port 8000 is already in use by another process and the launcher will not stop it automatically.
[2026-04-07 15:45:01] Port 8000 is serving an older app host. Switching desktop launch to port 8011.
[2026-04-07 15:45:01] Opening desktop app window in C:\Program Files (x86)\Microsoft\Edge\Application\msedge.exe
[2026-04-07 15:46:41] Could not stop the stale server on port 8000: Port 8000 is already in use by another process and the launcher will not stop it automatically.
[2026-04-07 15:46:41] Port 8000 is serving an older app host. Switching desktop launch to port 8011.
[2026-04-07 15:46:41] Opening desktop app window in C:\Program Files (x86)\Microsoft\Edge\Application\msedge.exe
[2026-04-07 15:48:21] Could not stop the stale server on port 8000: Port 8000 is already in use by another process and the launcher will not stop it automatically.
[2026-04-07 15:48:21] Port 8000 is serving an older app host. Switching desktop launch to port 8011.
[2026-04-07 15:48:21] Opening desktop app window in C:\Program Files (x86)\Microsoft\Edge\Application\msedge.exe
[2026-04-07 15:48:33] Could not stop the stale server on port 8000: Port 8000 is already in use by another process and the launcher will not stop it automatically.
[2026-04-07 15:48:33] Port 8000 is serving an older app host. Switching desktop launch to port 8011.
[2026-04-07 15:48:33] Opening desktop app window in C:\Program Files (x86)\Microsoft\Edge\Application\msedge.exe
[2026-04-07 15:48:57] Could not stop the stale server on port 8000: Port 8000 is already in use by another process and the launcher will not stop it automatically.
[2026-04-07 15:48:57] Port 8000 is serving an older app host. Switching desktop launch to port 8011.
[2026-04-07 15:48:57] Opening desktop app window in C:\Program Files (x86)\Microsoft\Edge\Application\msedge.exe
[2026-04-07 15:50:22] Could not stop the stale server on port 8000: Port 8000 is already in use by another process and the launcher will not stop it automatically.
[2026-04-07 15:50:22] Port 8000 is serving an older app host. Switching desktop launch to port 8011.
[2026-04-07 15:50:22] Opening desktop app window in C:\Program Files (x86)\Microsoft\Edge\Application\msedge.exe
[2026-04-07 15:54:07] Could not stop the stale server on port 8000: Port 8000 is already in use by another process and the launcher will not stop it automatically.
[2026-04-07 15:54:07] Port 8000 is serving an older app host. Switching desktop launch to port 8011.
[2026-04-07 15:54:07] Opening desktop app window in C:\Program Files (x86)\Microsoft\Edge\Application\msedge.exe
[2026-04-07 18:05:57] Could not stop the stale server on port 8000: Port 8000 is already in use by another process and the launcher will not stop it automatically.
[2026-04-07 18:05:57] Port 8000 is serving an older app host. Switching desktop launch to port 8011.
[2026-04-07 18:05:58] Opening desktop app window in C:\Program Files (x86)\Microsoft\Edge\Application\msedge.exe
[2026-04-08 10:23:06] Server not running on port 8000, starting background host with C:\Users\Sam\AppData\Local\Python\bin\python.exe.
[2026-04-08 10:23:07] Opening desktop app window in C:\Program Files (x86)\Microsoft\Edge\Application\msedge.exe
[2026-04-08 10:29:00] Opening desktop app window in C:\Program Files (x86)\Microsoft\Edge\Application\msedge.exe
>>>>>>> a1b793c76d21762b11d93c0776fd8a690c1f9afb
