{"timestamp": "2026-04-08T11:44:58", "event": "signature-client-page-init", "path": "/signature-debug", "user": "1001", "signature_ready": false, "client_page": "/batch/edit", "client_at": "2026-04-08T16:44:58.115Z", "client_forms": 1, "client_signature_ready": false, "client_has_saved_signature": false}
{"timestamp": "2026-04-08T11:48:33", "event": "signature-client-modal-cancel-click", "path": "/signature-debug", "user": "1001", "signature_ready": false, "client_page": "/batch/edit", "client_at": "2026-04-08T16:48:33.707Z"}
{"timestamp": "2026-04-08T11:48:33", "event": "signature-client-modal-close", "path": "/signature-debug", "user": "1001", "signature_ready": false, "client_page": "/batch/edit", "client_at": "2026-04-08T16:48:33.709Z", "client_reason": "cancel-button", "client_signature_ready": false}
{"timestamp": "2026-04-08T11:49:03", "event": "signature-client-page-init", "path": "/signature-debug", "user": "1001", "signature_ready": false, "client_page": "/batch/edit", "client_at": "2026-04-08T16:49:03.472Z", "client_forms": 1, "client_signature_ready": false, "client_has_saved_signature": false}
{"timestamp": "2026-04-08T11:49:05", "event": "signature-client-modal-cancel-click", "path": "/signature-debug", "user": "1001", "signature_ready": false, "client_page": "/batch/edit", "client_at": "2026-04-08T16:49:05.544Z"}
{"timestamp": "2026-04-08T11:49:05", "event": "signature-client-modal-close", "path": "/signature-debug", "user": "1001", "signature_ready": false, "client_page": "/batch/edit", "client_at": "2026-04-08T16:49:05.545Z", "client_reason": "cancel-button", "client_signature_ready": false}
{"timestamp": "2026-04-08T11:49:22", "event": "signature-client-modal-save-click", "path": "/signature-debug", "user": "1001", "signature_ready": false, "client_page": "/batch/edit", "client_at": "2026-04-08T16:49:22.283Z", "client_has_stroke": true, "client_dirty_signature": true}
{"timestamp": "2026-04-08T11:49:22", "event": "signature-client-canvas-export-start", "path": "/signature-debug", "user": "1001", "signature_ready": false, "client_page": "/batch/edit", "client_at": "2026-04-08T16:49:22.285Z", "client_width": 900, "client_height": 260}
{"timestamp": "2026-04-08T11:49:22", "event": "signature-client-canvas-export-finish", "path": "/signature-debug", "user": "1001", "signature_ready": false, "client_page": "/batch/edit", "client_at": "2026-04-08T16:49:22.410Z", "client_duration_ms": 124.6, "client_signature_length": 13914}
{"timestamp": "2026-04-08T11:49:22", "event": "signature-client-signature-persist-start", "path": "/signature-debug", "user": "1001", "signature_ready": false, "client_page": "/batch/edit", "client_at": "2026-04-08T16:49:22.413Z", "client_initials": "SG", "client_signed_at": "4/8/26", "client_signature_length": 13914, "client_timeout_ms": 15000}
{"timestamp": "2026-04-08T11:49:22", "event": "signature-session-request", "path": "/signature-session", "user": "1001", "signature_ready": false, "initials": "SG", "signed_at": "4/8/26", "signature_length": 13914}
{"timestamp": "2026-04-08T11:49:22", "event": "signature-session-save-ok", "path": "/signature-session", "user": "1001", "signature_ready": true, "initials": "SG", "signed_at": "4/8/26", "signature_ref": "/static/uploads/signatures/signature-6cdba5301b3247608289603d4d75cd5d.png", "signature_length": 13914, "duration_ms": 2.4}
{"timestamp": "2026-04-08T11:49:22", "event": "signature-client-signature-persist-response", "path": "/signature-debug", "user": "1001", "signature_ready": true, "client_page": "/batch/edit", "client_at": "2026-04-08T16:49:22.438Z", "client_status": 200, "client_ok": true, "client_duration_ms": 24.9}
{"timestamp": "2026-04-08T11:49:22", "event": "signature-client-signature-persist-ok", "path": "/signature-debug", "user": "1001", "signature_ready": true, "client_page": "/batch/edit", "client_at": "2026-04-08T16:49:22.438Z", "client_duration_ms": 25.7, "client_returned_signature_length": 73}
{"timestamp": "2026-04-08T11:49:22", "event": "signature-client-modal-save-success", "path": "/signature-debug", "user": "1001", "signature_ready": true, "client_page": "/batch/edit", "client_at": "2026-04-08T16:49:22.440Z", "client_signature_ready": true, "client_signature_length": 73}
{"timestamp": "2026-04-08T11:49:22", "event": "signature-client-modal-close", "path": "/signature-debug", "user": "1001", "signature_ready": true, "client_page": "/batch/edit", "client_at": "2026-04-08T16:49:22.442Z", "client_reason": "save-success", "client_signature_ready": true}
{"timestamp": "2026-04-08T11:49:26", "event": "signature-client-modal-cancel-click", "path": "/signature-debug", "user": "1001", "signature_ready": true, "client_page": "/batch/edit", "client_at": "2026-04-08T16:49:26.889Z"}
{"timestamp": "2026-04-08T11:49:26", "event": "signature-client-modal-close", "path": "/signature-debug", "user": "1001", "signature_ready": true, "client_page": "/batch/edit", "client_at": "2026-04-08T16:49:26.890Z", "client_reason": "cancel-button", "client_signature_ready": true}
{"timestamp": "2026-04-08T12:02:22", "event": "signature-client-page-init", "path": "/signature-debug", "user": "1001", "signature_ready": false, "client_page": "/stage/evaporation", "client_at": "2026-04-08T17:02:22.396Z", "client_forms": 1, "client_signature_ready": false, "client_has_saved_signature": false}
{"timestamp": "2026-04-08T12:02:27", "event": "signature-client-form-submit-blocked-missing-signature", "path": "/signature-debug", "user": "1001", "signature_ready": false, "client_page": "/stage/evaporation", "client_at": "2026-04-08T17:02:27.665Z", "client_action": "/submit/evaporation", "client_method": "POST", "client_submitter_label": "save evaporation"}
{"timestamp": "2026-04-08T12:02:27", "event": "signature-client-modal-open", "path": "/signature-debug", "user": "1001", "signature_ready": false, "client_page": "/stage/evaporation", "client_at": "2026-04-08T17:02:27.668Z", "client_reason": "submit-blocked", "client_pending_action": "/submit/evaporation", "client_signature_ready": false, "client_has_saved_signature": false}
{"timestamp": "2026-04-08T12:02:39", "event": "signature-client-modal-save-click", "path": "/signature-debug", "user": "1001", "signature_ready": false, "client_page": "/stage/evaporation", "client_at": "2026-04-08T17:02:39.077Z", "client_has_stroke": true, "client_dirty_signature": true}
{"timestamp": "2026-04-08T12:02:39", "event": "signature-client-canvas-export-start", "path": "/signature-debug", "user": "1001", "signature_ready": false, "client_page": "/stage/evaporation", "client_at": "2026-04-08T17:02:39.080Z", "client_width": 1598, "client_height": 585}
{"timestamp": "2026-04-08T12:02:39", "event": "signature-client-canvas-export-finish", "path": "/signature-debug", "user": "1001", "signature_ready": false, "client_page": "/stage/evaporation", "client_at": "2026-04-08T17:02:39.132Z", "client_duration_ms": 52.9, "client_signature_length": 43554}
{"timestamp": "2026-04-08T12:02:39", "event": "signature-client-signature-persist-start", "path": "/signature-debug", "user": "1001", "signature_ready": false, "client_page": "/stage/evaporation", "client_at": "2026-04-08T17:02:39.138Z", "client_initials": "SG", "client_signed_at": "4/8/2026, 12:02:27 PM", "client_signature_length": 43554, "client_timeout_ms": 15000}
{"timestamp": "2026-04-08T12:02:39", "event": "signature-session-request", "path": "/signature-session", "user": "1001", "signature_ready": false, "initials": "SG", "signed_at": "4/8/2026, 12:02:27 PM", "signature_length": 43554}
{"timestamp": "2026-04-08T12:02:39", "event": "signature-session-save-ok", "path": "/signature-session", "user": "1001", "signature_ready": true, "initials": "SG", "signed_at": "4/8/2026, 12:02:27 PM", "signature_ref": "/static/uploads/signatures/signature-c83a3a7f1b5b44d5b20c01b15d53fc12.png", "signature_length": 43554, "duration_ms": 5.1}
{"timestamp": "2026-04-08T12:02:39", "event": "signature-client-signature-persist-response", "path": "/signature-debug", "user": "1001", "signature_ready": true, "client_page": "/stage/evaporation", "client_at": "2026-04-08T17:02:39.172Z", "client_status": 200, "client_ok": true, "client_duration_ms": 34}
{"timestamp": "2026-04-08T12:02:39", "event": "signature-client-signature-persist-ok", "path": "/signature-debug", "user": "1001", "signature_ready": true, "client_page": "/stage/evaporation", "client_at": "2026-04-08T17:02:39.174Z", "client_duration_ms": 35.7, "client_returned_signature_length": 73}
{"timestamp": "2026-04-08T12:02:39", "event": "signature-client-modal-save-success", "path": "/signature-debug", "user": "1001", "signature_ready": true, "client_page": "/stage/evaporation", "client_at": "2026-04-08T17:02:39.177Z", "client_signature_ready": true, "client_signature_length": 73}
{"timestamp": "2026-04-08T12:02:39", "event": "signature-client-modal-close", "path": "/signature-debug", "user": "1001", "signature_ready": true, "client_page": "/stage/evaporation", "client_at": "2026-04-08T17:02:39.182Z", "client_reason": "save-success", "client_pending_action": "/submit/evaporation", "client_signature_ready": true}
